<?xml version="1.0" encoding="UTF-8"?>
<!-- Generated by org.testng.reporters.JUnitXMLReporter -->
<testsuite hostname="VVK" tests="0" failures="0" timestamp="5 Mar 2017 12:03:35 GMT" time="0.109" errors="0">
  <testcase name="@AfterTest after_test" time="0.0" classname="com.demoqa.util.Baseclass">
    <failure type="java.lang.NullPointerException">
      <![CDATA[java.lang.NullPointerException
	at com.demoqa.util.Baseclass.after_test(Baseclass.java:119)
... Removed 22 stack frames]]>
    </failure>
  </testcase> <!-- @AfterTest after_test -->
</testsuite>
